<!-- vim:set filetype=markdown foldmethod=indent: -->
# Message History

2025-02-13T11:31:38.564Z [INFO]: Message Received
```json
{
	"method": "initialize",
	"id": 1,
	"params": {
		"trace": "off",
		"rootUri": null,
		"rootPath": null,
		"clientInfo": {
			"version": "0.10.3",
			"name": "Neovim"
		},
		"capabilities": {
			"window": {
				"workDoneProgress": true,
				"showMessage": {
					"messageActionItem": {
						"additionalPropertiesSupport": false
					}
				},
				"showDocument": {
					"support": true
				}
			},
			"workspace": {
				"symbol": {
					"symbolKind": {
						"valueSet": [
							1,
							2,
							3,
							4,
							5,
							6,
							7,
							8,
							9,
							10,
							11,
							12,
							13,
							14,
							15,
							16,
							17,
							18,
							19,
							20,
							21,
							22,
							23,
							24,
							25,
							26
						]
					},
					"dynamicRegistration": false
				},
				"didChangeWatchedFiles": {
					"relativePatternSupport": true,
					"dynamicRegistration": true
				},
				"semanticTokens": {
					"refreshSupport": true
				},
				"workspaceEdit": {
					"resourceOperations": [
						"rename",
						"create",
						"delete"
					]
				},
				"configuration": true,
				"didChangeConfiguration": {
					"dynamicRegistration": false
				},
				"inlayHint": {
					"refreshSupport": true
				},
				"applyEdit": true,
				"workspaceFolders": true
			},
			"textDocument": {
				"synchronization": {
					"willSaveWaitUntil": true,
					"didSave": true,
					"willSave": true,
					"dynamicRegistration": false
				},
				"completion": {
					"contextSupport": false,
					"completionList": {
						"itemDefaults": [
							"editRange",
							"insertTextFormat",
							"insertTextMode",
							"data"
						]
					},
					"dynamicRegistration": false,
					"completionItem": {
						"preselectSupport": false,
						"documentationFormat": [
							"markdown",
							"plaintext"
						],
						"commitCharactersSupport": false,
						"snippetSupport": false,
						"deprecatedSupport": false
					},
					"completionItemKind": {
						"valueSet": [
							1,
							2,
							3,
							4,
							5,
							6,
							7,
							8,
							9,
							10,
							11,
							12,
							13,
							14,
							15,
							16,
							17,
							18,
							19,
							20,
							21,
							22,
							23,
							24,
							25
						]
					}
				},
				"typeDefinition": {
					"linkSupport": true
				},
				"implementation": {
					"linkSupport": true
				},
				"definition": {
					"linkSupport": true,
					"dynamicRegistration": true
				},
				"inlayHint": {
					"resolveSupport": {
						"properties": [
							"textEdits",
							"tooltip",
							"location",
							"command"
						]
					},
					"dynamicRegistration": true
				},
				"hover": {
					"contentFormat": [
						"markdown",
						"plaintext"
					],
					"dynamicRegistration": true
				},
				"diagnostic": {
					"dynamicRegistration": false
				},
				"semanticTokens": {
					"dynamicRegistration": false,
					"formats": [
						"relative"
					],
					"tokenModifiers": [
						"declaration",
						"definition",
						"readonly",
						"static",
						"deprecated",
						"abstract",
						"async",
						"modification",
						"documentation",
						"defaultLibrary"
					],
					"augmentsSyntaxTokens": true,
					"serverCancelSupport": false,
					"multilineTokenSupport": false,
					"overlappingTokenSupport": true,
					"tokenTypes": [
						"namespace",
						"type",
						"class",
						"enum",
						"interface",
						"struct",
						"typeParameter",
						"parameter",
						"variable",
						"property",
						"enumMember",
						"event",
						"function",
						"method",
						"macro",
						"keyword",
						"modifier",
						"comment",
						"string",
						"number",
						"regexp",
						"operator",
						"decorator"
					],
					"requests": {
						"range": false,
						"full": {
							"delta": true
						}
					}
				},
				"callHierarchy": {
					"dynamicRegistration": false
				},
				"publishDiagnostics": {
					"dataSupport": true,
					"tagSupport": {
						"valueSet": [
							1,
							2
						]
					},
					"relatedInformation": true
				},
				"rename": {
					"dynamicRegistration": true,
					"prepareSupport": true
				},
				"documentSymbol": {
					"hierarchicalDocumentSymbolSupport": true,
					"symbolKind": {
						"valueSet": [
							1,
							2,
							3,
							4,
							5,
							6,
							7,
							8,
							9,
							10,
							11,
							12,
							13,
							14,
							15,
							16,
							17,
							18,
							19,
							20,
							21,
							22,
							23,
							24,
							25,
							26
						]
					},
					"dynamicRegistration": false
				},
				"signatureHelp": {
					"signatureInformation": {
						"activeParameterSupport": true,
						"parameterInformation": {
							"labelOffsetSupport": true
						},
						"documentationFormat": [
							"markdown",
							"plaintext"
						]
					},
					"dynamicRegistration": false
				},
				"rangeFormatting": {
					"dynamicRegistration": true
				},
				"codeAction": {
					"dataSupport": true,
					"dynamicRegistration": true,
					"codeActionLiteralSupport": {
						"codeActionKind": {
							"valueSet": [
								"",
								"quickfix",
								"refactor",
								"refactor.extract",
								"refactor.inline",
								"refactor.rewrite",
								"source",
								"source.organizeImports"
							]
						}
					},
					"isPreferredSupport": true,
					"resolveSupport": {
						"properties": [
							"edit"
						]
					}
				},
				"formatting": {
					"dynamicRegistration": true
				},
				"documentHighlight": {
					"dynamicRegistration": false
				},
				"references": {
					"dynamicRegistration": false
				},
				"declaration": {
					"linkSupport": true
				}
			},
			"general": {
				"positionEncodings": [
					"utf-16"
				]
			}
		},
		"processId": 84792,
		"workDoneToken": "1",
		"workspaceFolders": null
	},
	"jsonrpc": "2.0"
}```

---

<!-- NOTE: New session detected!-->

---

2025-02-13T11:31:38.637Z [INFO]: Message Received
```json
{
	"method": "initialize",
	"id": 1,
	"params": {
		"trace": "off",
		"rootUri": null,
		"rootPath": null,
		"clientInfo": {
			"version": "0.10.3",
			"name": "Neovim"
		},
		"capabilities": {
			"window": {
				"workDoneProgress": true,
				"showMessage": {
					"messageActionItem": {
						"additionalPropertiesSupport": false
					}
				},
				"showDocument": {
					"support": true
				}
			},
			"workspace": {
				"symbol": {
					"symbolKind": {
						"valueSet": [
							1,
							2,
							3,
							4,
							5,
							6,
							7,
							8,
							9,
							10,
							11,
							12,
							13,
							14,
							15,
							16,
							17,
							18,
							19,
							20,
							21,
							22,
							23,
							24,
							25,
							26
						]
					},
					"dynamicRegistration": false
				},
				"didChangeWatchedFiles": {
					"relativePatternSupport": true,
					"dynamicRegistration": true
				},
				"semanticTokens": {
					"refreshSupport": true
				},
				"workspaceEdit": {
					"resourceOperations": [
						"rename",
						"create",
						"delete"
					]
				},
				"configuration": true,
				"didChangeConfiguration": {
					"dynamicRegistration": false
				},
				"inlayHint": {
					"refreshSupport": true
				},
				"applyEdit": true,
				"workspaceFolders": true
			},
			"textDocument": {
				"synchronization": {
					"willSaveWaitUntil": true,
					"didSave": true,
					"willSave": true,
					"dynamicRegistration": false
				},
				"completion": {
					"contextSupport": false,
					"completionList": {
						"itemDefaults": [
							"editRange",
							"insertTextFormat",
							"insertTextMode",
							"data"
						]
					},
					"dynamicRegistration": false,
					"completionItem": {
						"preselectSupport": false,
						"documentationFormat": [
							"markdown",
							"plaintext"
						],
						"commitCharactersSupport": false,
						"snippetSupport": false,
						"deprecatedSupport": false
					},
					"completionItemKind": {
						"valueSet": [
							1,
							2,
							3,
							4,
							5,
							6,
							7,
							8,
							9,
							10,
							11,
							12,
							13,
							14,
							15,
							16,
							17,
							18,
							19,
							20,
							21,
							22,
							23,
							24,
							25
						]
					}
				},
				"typeDefinition": {
					"linkSupport": true
				},
				"implementation": {
					"linkSupport": true
				},
				"definition": {
					"linkSupport": true,
					"dynamicRegistration": true
				},
				"inlayHint": {
					"resolveSupport": {
						"properties": [
							"textEdits",
							"tooltip",
							"location",
							"command"
						]
					},
					"dynamicRegistration": true
				},
				"hover": {
					"contentFormat": [
						"markdown",
						"plaintext"
					],
					"dynamicRegistration": true
				},
				"diagnostic": {
					"dynamicRegistration": false
				},
				"semanticTokens": {
					"dynamicRegistration": false,
					"formats": [
						"relative"
					],
					"tokenModifiers": [
						"declaration",
						"definition",
						"readonly",
						"static",
						"deprecated",
						"abstract",
						"async",
						"modification",
						"documentation",
						"defaultLibrary"
					],
					"augmentsSyntaxTokens": true,
					"serverCancelSupport": false,
					"multilineTokenSupport": false,
					"overlappingTokenSupport": true,
					"tokenTypes": [
						"namespace",
						"type",
						"class",
						"enum",
						"interface",
						"struct",
						"typeParameter",
						"parameter",
						"variable",
						"property",
						"enumMember",
						"event",
						"function",
						"method",
						"macro",
						"keyword",
						"modifier",
						"comment",
						"string",
						"number",
						"regexp",
						"operator",
						"decorator"
					],
					"requests": {
						"range": false,
						"full": {
							"delta": true
						}
					}
				},
				"callHierarchy": {
					"dynamicRegistration": false
				},
				"publishDiagnostics": {
					"dataSupport": true,
					"tagSupport": {
						"valueSet": [
							1,
							2
						]
					},
					"relatedInformation": true
				},
				"rename": {
					"dynamicRegistration": true,
					"prepareSupport": true
				},
				"documentSymbol": {
					"hierarchicalDocumentSymbolSupport": true,
					"symbolKind": {
						"valueSet": [
							1,
							2,
							3,
							4,
							5,
							6,
							7,
							8,
							9,
							10,
							11,
							12,
							13,
							14,
							15,
							16,
							17,
							18,
							19,
							20,
							21,
							22,
							23,
							24,
							25,
							26
						]
					},
					"dynamicRegistration": false
				},
				"signatureHelp": {
					"signatureInformation": {
						"activeParameterSupport": true,
						"parameterInformation": {
							"labelOffsetSupport": true
						},
						"documentationFormat": [
							"markdown",
							"plaintext"
						]
					},
					"dynamicRegistration": false
				},
				"rangeFormatting": {
					"dynamicRegistration": true
				},
				"codeAction": {
					"dataSupport": true,
					"dynamicRegistration": true,
					"codeActionLiteralSupport": {
						"codeActionKind": {
							"valueSet": [
								"",
								"quickfix",
								"refactor",
								"refactor.extract",
								"refactor.inline",
								"refactor.rewrite",
								"source",
								"source.organizeImports"
							]
						}
					},
					"isPreferredSupport": true,
					"resolveSupport": {
						"properties": [
							"edit"
						]
					}
				},
				"formatting": {
					"dynamicRegistration": true
				},
				"documentHighlight": {
					"dynamicRegistration": false
				},
				"references": {
					"dynamicRegistration": false
				},
				"declaration": {
					"linkSupport": true
				}
			},
			"general": {
				"positionEncodings": [
					"utf-16"
				]
			}
		},
		"processId": 84792,
		"workDoneToken": "1",
		"workspaceFolders": null
	},
	"jsonrpc": "2.0"
}```

